TN:
SF:nrt_collections_utils\collections_utils.py
DA:3,1,PDnXO8x2yMvQzetDhsefnQ
DA:5,1,Nnqu9X+lU2lagW39QNhFWA
DA:6,1,pGuylna8WG6eqX/PCjv7Aw
DA:7,1,jPv3qf89ygjfivgwSvj/5A
DA:9,1,XLoFxyYkCGbeC3txb6zAzg
DA:10,1,fByOPlPJaX7H6Da4K8dt9Q
DA:12,1,qQUjr5AQ3bvu/VAtLtLuXg
DA:14,1,KxgaGtJPkScc4OG7mJ59vg
DA:15,1,SpYydFGp4WENT0AVZZKM8w
DA:16,1,xjcDBnSwra0OiNOAYAwoHA
DA:17,1,QNnIyBX2oJGB7mYlSUebmA
DA:18,1,aG8hzM939a6klmerpUAbhg
DA:19,1,kycMaH6XbPuAfUpgfG1Lbg
DA:21,1,eJ6zrxnLWn/k18a2vHOhRA
DA:23,1,Nnqu9X+lU2lagW39QNhFWA
DA:24,1,VdX5UMZ/NHNsRCNdSaPD4g
DA:25,1,DVT/XyiqefTLgQ58oleIKQ
DA:26,1,rBOS+UghtsbYFrOAFvW7Ig
DA:28,1,Ho1pwhDXFsq3e2avxTOdWQ
DA:29,1,cIDdGTI3A5PyxWojypw7YQ
DA:31,1,tPBl1DegjWWuI+EEcmmnFg
DA:32,1,dZoCADPIwYxDN8H0bhJ9pw
DA:34,1,h4bZu188ZNZqIJFa85Ni3g
DA:35,1,0mwbVL3ccuIeZUf/QfqiBw
DA:37,1,/aDOljjSeQ3hYQrnpqUBCQ
DA:38,1,g/61f7YtxTi91BQ/qEE5vQ
DA:40,1,L1mqGu7hZ2SAWP+QzB5sgA
DA:42,1,Nnqu9X+lU2lagW39QNhFWA
DA:43,1,YlSpHocVeK0Y4ZV6jA35jA
DA:44,1,jPv3qf89ygjfivgwSvj/5A
DA:46,1,rTaDTpf1fYD+pBm1mE/jzQ
DA:47,1,fiIKMp6Mz5Y8LBaBWsXFzQ
DA:48,1,VM/Vi4L5UmWFd3a32rP1jA
DA:50,1,XlIJ8spkSlrA9Cg5HZC0UA
DA:52,1,qQUjr5AQ3bvu/VAtLtLuXg
LF:35
LH:35
BRDA:5,0,0,1
BRDA:14,0,1,1
BRDA:10,1,0,1
BRDA:12,1,1,1
BRDA:14,2,0,1
BRDA:23,2,1,1
BRDA:23,3,0,1
BRDA:42,3,1,1
BRDA:26,4,0,1
BRDA:28,4,1,1
BRDA:29,5,0,1
BRDA:31,5,1,1
BRDA:0,6,0,1
BRDA:0,6,1,1
BRDA:29,6,2,1
BRDA:32,7,0,1
BRDA:34,7,1,1
BRDA:0,8,0,1
BRDA:0,8,1,1
BRDA:32,8,2,1
BRDA:35,9,0,1
BRDA:37,9,1,1
BRDA:0,10,0,1
BRDA:0,10,1,1
BRDA:35,10,2,1
BRDA:38,11,0,1
BRDA:40,11,1,1
BRDA:0,12,0,1
BRDA:0,12,1,1
BRDA:38,12,2,1
BRDA:0,13,0,1
BRDA:42,13,1,1
BRDA:47,14,0,1
BRDA:50,14,1,1
BRDA:48,15,0,1
BRDA:52,15,1,1
BRF:32
BRH:32
end_of_record
TN:
SF:nrt_collections_utils\dict_utils.py
DA:3,1,8mS3+c1w2o5mXnBQloM/Bw
DA:5,1,KxgaGtJPkScc4OG7mJ59vg
DA:6,1,v8Il2gShhmm1EcpQdVkUng
DA:8,1,vx7wP1wrcK2TCwybX/hrqA
DA:9,1,pefBXv+SUyLROtxN2O+t7Q
DA:11,1,03RXBRAmomiJmQmjXtbdCg
DA:12,1,ZsMwZkeHS3iA2cPxg6qzmA
DA:13,1,P+j+YnxPBsHNRhYnVNJ9PA
DA:15,1,9l+xaD2WWCam2wHf/XBXAw
DA:17,1,9vervdZWzFkfdQRWd30C5A
LF:10
LH:10
BRDA:0,0,0,1
BRDA:5,0,1,1
BRDA:9,1,0,1
BRDA:11,1,1,1
BRDA:12,2,0,1
BRDA:17,2,1,1
BRDA:13,3,0,1
BRDA:15,3,1,1
BRF:8
BRH:8
end_of_record
TN:
SF:nrt_collections_utils\list_utils.py
DA:3,1,+A10cWzRkzUA3Y7+3ariYg
DA:4,1,KxgaGtJPkScc4OG7mJ59vg
DA:5,1,rCLuVibcrAAtXOdHln3VaA
DA:6,1,njYhoRpXoBt+ZUD3fBH1aw
DA:7,1,kycMaH6XbPuAfUpgfG1Lbg
DA:9,1,W2dvpf4s0/owonj2MLpZYw
DA:10,1,sHMFTvZGtr70AOduJJ0xOQ
DA:11,1,7N/JFuOs+JgNw/t49ouLjw
DA:13,1,8V0W5+MgrGs5u3WFwBcXew
DA:14,1,5lLifRQPIbhZizKOT7snsw
DA:15,1,7N/JFuOs+JgNw/t49ouLjw
DA:17,1,eJ6zrxnLWn/k18a2vHOhRA
DA:19,1,KxgaGtJPkScc4OG7mJ59vg
DA:20,1,SXWi1F7XeDlkVKwh7r0K6Q
DA:21,1,GW4AQE1RW43rIvxh5Q61mA
DA:23,1,KxgaGtJPkScc4OG7mJ59vg
DA:24,1,c1IKmjS/dNjmq7c6V3BnIA
DA:25,1,U9QlP52n8KQQ5Lxaq/1S3w
DA:27,1,KxgaGtJPkScc4OG7mJ59vg
DA:28,1,0BrDkN4x/8KANuoNQqUz1w
DA:29,1,nZk5EegdHriCmDQhzGyJxA
DA:31,1,KxgaGtJPkScc4OG7mJ59vg
DA:32,1,5pGLP8iLsMdbfdvYdd4YaQ
DA:33,1,4TShx1sdoyeqyV/TpB10Mw
LF:24
LH:24
BRDA:4,0,0,1
BRDA:19,0,1,1
BRDA:7,1,0,1
BRDA:9,1,1,1
BRDA:10,2,0,1
BRDA:13,2,1,1
BRDA:9,3,0,1
BRDA:11,3,1,1
BRDA:14,4,0,1
BRDA:17,4,1,1
BRDA:13,5,0,1
BRDA:15,5,1,1
BRDA:19,6,0,1
BRDA:23,6,1,1
BRDA:0,7,0,1
BRDA:0,7,1,1
BRDA:21,7,2,1
BRDA:23,8,0,1
BRDA:27,8,1,1
BRDA:0,9,0,1
BRDA:0,9,1,1
BRDA:25,9,2,1
BRDA:27,10,0,1
BRDA:31,10,1,1
BRDA:0,11,0,1
BRDA:31,11,1,1
BRF:24
BRH:24
end_of_record
